[21Dec2024 00:02:11.975] [Server thread/INFO] [net.minecraft.server.players.PlayerList/]: Doglas777[/100.119.44.74:50045] logged in with entity id 950 at (-12.5, 63.0, 58.5)
[21Dec2024 00:02:12.060] [Server thread/INFO] [net.minecraft.server.MinecraftServer/]: Doglas777 joined the game
[21Dec2024 00:02:12.129] [Server thread/INFO] [Jade/]: Syncing config to Doglas777 (1bdb8232-be48-3cf6-b686-dd936bd66cbf)
[21Dec2024 00:02:13.557] [Server thread/INFO] [voicechat/]: [voicechat] Received secret request of Doglas777 (18)
[21Dec2024 00:02:13.558] [Server thread/INFO] [voicechat/]: [voicechat] Sent secret to Doglas777
[21Dec2024 00:02:20.780] [VoiceChatPacketProcessingThread/INFO] [voicechat/]: [voicechat] Successfully authenticated player 1bdb8232-be48-3cf6-b686-dd936bd66cbf
[21Dec2024 00:02:21.495] [VoiceChatPacketProcessingThread/INFO] [voicechat/]: [voicechat] Successfully validated connection of player 1bdb8232-be48-3cf6-b686-dd936bd66cbf
[21Dec2024 00:02:21.496] [VoiceChatPacketProcessingThread/INFO] [voicechat/]: [voicechat] Player Doglas777 (1bdb8232-be48-3cf6-b686-dd936bd66cbf) successfully connected to voice chat
[21Dec2024 00:02:35.788] [Server thread/INFO] [net.minecraft.server.MinecraftServer/]: [Not Secure] <Doglas777> alan
[21Dec2024 00:02:54.651] [Server thread/INFO] [net.minecraft.server.MinecraftServer/]: AlanJCR has reached the goal [Feeling Watched]
[21Dec2024 00:03:06.276] [Server thread/INFO] [net.minecraft.server.MinecraftServer/]: [Not Secure] <Doglas777> habla we
[21Dec2024 00:03:29.951] [Server thread/WARN] [net.minecraft.server.MinecraftServer/]: Can't keep up! Is the server overloaded? Running 2002ms or 40 ticks behind
[21Dec2024 00:03:38.547] [Server thread/INFO] [net.minecraft.server.MinecraftServer/]: Doglas777 is bleeding. Doglas777 was slain by Man From The Fog
[21Dec2024 00:03:44.329] [Server thread/INFO] [net.minecraft.server.MinecraftServer/]: AlanJCR is bleeding. AlanJCR was slain by Man From The Fog
[21Dec2024 00:03:49.879] [Server thread/INFO] [net.minecraft.server.MinecraftServer/]: AlanJCR has made the advancement [Stone Age]
[21Dec2024 00:03:52.954] [Server thread/INFO] [net.minecraft.server.MinecraftServer/]: Doglas777 was slain by Man From The Fog
[21Dec2024 00:04:01.246] [Server thread/INFO] [net.minecraft.server.MinecraftServer/]: [Not Secure] <Doglas777> akab
[21Dec2024 00:04:10.844] [Server thread/ERROR] [net.minecraftforge.eventbus.EventBus/EVENTBUS]: Exception caught during firing event: Cannot invoke "net.minecraft.world.entity.Entity.m_9236_()" because the return value of "java.util.Optional.orElse(Object)" is null
	Index: 8
	Listeners:
		0: HIGHEST
		1: ASM: team.creative.playerrevive.server.ReviveEventServer@53e126f9 playerDied(Lnet/minecraftforge/event/entity/living/LivingDeathEvent;)V
		2: NORMAL
		3: ASM: insane96mcp.enhancedai.modules.witch.darkart.DarkArtWitch@270c4750 onDeath(Lnet/minecraftforge/event/entity/living/LivingDeathEvent;)V
		4: ASM: com.mrcrayfish.framework.event.ForgeEvents@320dcfc8 onLivingEntityDeath(Lnet/minecraftforge/event/entity/living/LivingDeathEvent;)V
		5: ASM: class com.tiviacz.warriorrage.ForgeEventHandler playerDeath(Lnet/minecraftforge/event/entity/living/LivingDeathEvent;)V
		6: ASM: class com.tiviacz.warriorrage.ForgeEventHandler playerSlayMob(Lnet/minecraftforge/event/entity/living/LivingDeathEvent;)V
		7: ASM: class net.mcreator.man.procedures.KilledManProcedure onEntityDeath(Lnet/minecraftforge/event/entity/living/LivingDeathEvent;)V
		8: ASM: class net.mcreator.man.procedures.JumpscareDisplayOverlayIngameProcedure onEntityDeath(Lnet/minecraftforge/event/entity/living/LivingDeathEvent;)V
		9: ASM: class net.xylonity.knightquest.common.item.KQArmorItem$ArmorStatusManagerEvents onLivingDead(Lnet/minecraftforge/event/entity/living/LivingDeathEvent;)V
		10: ASM: class net.mcreator.vapor.procedures.VaporDiedProcedure onEntityDeath(Lnet/minecraftforge/event/entity/living/LivingDeathEvent;)V
		11: ASM: class net.mcreator.vapor.procedures.RoseDiedProcedure onEntityDeath(Lnet/minecraftforge/event/entity/living/LivingDeathEvent;)V
		12: ASM: class net.mcreator.gammabeasts.procedures.MuerteEXPProcedure onEntityDeath(Lnet/minecraftforge/event/entity/living/LivingDeathEvent;)V
		13: LOWEST
		14: ASM: de.maxhenkel.gravestone.corelib.death.DeathEvents@7a673907 playerDeath(Lnet/minecraftforge/event/entity/living/LivingDeathEvent;)V
java.lang.NullPointerException: Cannot invoke "net.minecraft.world.entity.Entity.m_9236_()" because the return value of "java.util.Optional.orElse(Object)" is null
	at TRANSFORMER/man@1.4/net.mcreator.man.procedures.JumpscareDisplayOverlayIngameProcedure.execute(JumpscareDisplayOverlayIngameProcedure.java:96)
	at TRANSFORMER/man@1.4/net.mcreator.man.procedures.JumpscareDisplayOverlayIngameProcedure.onEntityDeath(JumpscareDisplayOverlayIngameProcedure.java:49)
	at TRANSFORMER/man@1.4/net.mcreator.man.procedures.__JumpscareDisplayOverlayIngameProcedure_onEntityDeath_LivingDeathEvent.invoke(.dynamic)
	at MC-BOOTSTRAP/net.minecraftforge.eventbus/net.minecraftforge.eventbus.ASMEventHandler.invoke(ASMEventHandler.java:73)
	at MC-BOOTSTRAP/net.minecraftforge.eventbus/net.minecraftforge.eventbus.EventBus.post(EventBus.java:315)
	at MC-BOOTSTRAP/net.minecraftforge.eventbus/net.minecraftforge.eventbus.EventBus.post(EventBus.java:296)
	at TRANSFORMER/forge@47.3.7/net.minecraftforge.common.ForgeHooks.onLivingDeath(ForgeHooks.java:303)
	at TRANSFORMER/minecraft@1.20.1/net.minecraft.server.level.ServerPlayer.m_6667_(ServerPlayer.java:573)
	at TRANSFORMER/playerrevive@2.0.25/team.creative.playerrevive.server.PlayerReviveServer.kill(PlayerReviveServer.java:89)
	at TRANSFORMER/playerrevive@2.0.25/team.creative.playerrevive.packet.GiveUpPacket.executeServer(GiveUpPacket.java:20)
	at TRANSFORMER/creativecore@2.11.30/team.creative.creativecore.common.network.CreativePacket.execute(CreativePacket.java:14)
	at TRANSFORMER/creativecore@2.11.30/team.creative.creativecore.common.network.CreativeNetwork.lambda$registerType$2(CreativeNetwork.java:52)
	at TRANSFORMER/minecraft@1.20.1/net.minecraft.util.thread.BlockableEventLoop.m_18693_(BlockableEventLoop.java:67)
	at java.base/java.util.concurrent.CompletableFuture$AsyncSupply.run(CompletableFuture.java:1768)
	at TRANSFORMER/minecraft@1.20.1/net.minecraft.server.TickTask.run(TickTask.java:18)
	at TRANSFORMER/minecraft@1.20.1/net.minecraft.util.thread.BlockableEventLoop.m_6367_(BlockableEventLoop.java:156)
	at TRANSFORMER/minecraft@1.20.1/net.minecraft.util.thread.ReentrantBlockableEventLoop.m_6367_(ReentrantBlockableEventLoop.java:23)
	at TRANSFORMER/minecraft@1.20.1/net.minecraft.server.MinecraftServer.m_6367_(MinecraftServer.java:770)
	at TRANSFORMER/minecraft@1.20.1/net.minecraft.server.MinecraftServer.m_6367_(MinecraftServer.java:161)
	at TRANSFORMER/minecraft@1.20.1/net.minecraft.util.thread.BlockableEventLoop.m_7245_(BlockableEventLoop.java:130)
	at TRANSFORMER/minecraft@1.20.1/net.minecraft.server.MinecraftServer.m_129961_(MinecraftServer.java:753)
	at TRANSFORMER/minecraft@1.20.1/net.minecraft.server.MinecraftServer.m_7245_(MinecraftServer.java:747)
	at TRANSFORMER/minecraft@1.20.1/net.minecraft.util.thread.BlockableEventLoop.m_18699_(BlockableEventLoop.java:115)
	at TRANSFORMER/minecraft@1.20.1/net.minecraft.server.MinecraftServer.m_130012_(MinecraftServer.java:732)
	at TRANSFORMER/minecraft@1.20.1/net.minecraft.server.MinecraftServer.m_130011_(MinecraftServer.java:665)
	at TRANSFORMER/minecraft@1.20.1/net.minecraft.server.MinecraftServer.m_206580_(MinecraftServer.java:251)
	at java.base/java.lang.Thread.run(Thread.java:1583)

[21Dec2024 00:04:10.845] [Server thread/ERROR] [creativecore/]: Executing a packet ran into an exception
java.lang.NullPointerException: Cannot invoke "net.minecraft.world.entity.Entity.m_9236_()" because the return value of "java.util.Optional.orElse(Object)" is null
	at net.mcreator.man.procedures.JumpscareDisplayOverlayIngameProcedure.execute(JumpscareDisplayOverlayIngameProcedure.java:96) ~[The-Man-From-The-Fog-1.4-1.20.1.jar%23190!/:?]
	at net.mcreator.man.procedures.JumpscareDisplayOverlayIngameProcedure.onEntityDeath(JumpscareDisplayOverlayIngameProcedure.java:49) ~[The-Man-From-The-Fog-1.4-1.20.1.jar%23190!/:?]
	at net.mcreator.man.procedures.__JumpscareDisplayOverlayIngameProcedure_onEntityDeath_LivingDeathEvent.invoke(.dynamic) ~[The-Man-From-The-Fog-1.4-1.20.1.jar%23190!/:?]
	at net.minecraftforge.eventbus.ASMEventHandler.invoke(ASMEventHandler.java:73) ~[eventbus-6.0.5.jar%2352!/:?]
	at net.minecraftforge.eventbus.EventBus.post(EventBus.java:315) ~[eventbus-6.0.5.jar%2352!/:?]
	at net.minecraftforge.eventbus.EventBus.post(EventBus.java:296) ~[eventbus-6.0.5.jar%2352!/:?]
	at net.minecraftforge.common.ForgeHooks.onLivingDeath(ForgeHooks.java:303) ~[forge-1.20.1-47.3.7-universal.jar%23206!/:?]
	at net.minecraft.server.level.ServerPlayer.m_6667_(ServerPlayer.java:573) ~[server-1.20.1-20230612.114412-srg.jar%23201!/:?]
	at team.creative.playerrevive.server.PlayerReviveServer.kill(PlayerReviveServer.java:89) ~[PlayerRevive_FORGE_v2.0.25_mc1.20.1.jar%23184!/:2.0.25]
	at team.creative.playerrevive.packet.GiveUpPacket.executeServer(GiveUpPacket.java:20) ~[PlayerRevive_FORGE_v2.0.25_mc1.20.1.jar%23184!/:2.0.25]
	at team.creative.creativecore.common.network.CreativePacket.execute(CreativePacket.java:14) ~[CreativeCore_FORGE_v2.11.30_mc1.20.1.jar%23162!/:2.11.30]
	at team.creative.creativecore.common.network.CreativeNetwork.lambda$registerType$2(CreativeNetwork.java:52) ~[CreativeCore_FORGE_v2.11.30_mc1.20.1.jar%23162!/:2.11.30]
	at net.minecraft.util.thread.BlockableEventLoop.m_18693_(BlockableEventLoop.java:67) ~[server-1.20.1-20230612.114412-srg.jar%23201!/:?]
	at java.util.concurrent.CompletableFuture$AsyncSupply.run(CompletableFuture.java:1768) ~[?:?]
	at net.minecraft.server.TickTask.run(TickTask.java:18) ~[server-1.20.1-20230612.114412-srg.jar%23201!/:?]
	at net.minecraft.util.thread.BlockableEventLoop.m_6367_(BlockableEventLoop.java:156) ~[server-1.20.1-20230612.114412-srg.jar%23201!/:?]
	at net.minecraft.util.thread.ReentrantBlockableEventLoop.m_6367_(ReentrantBlockableEventLoop.java:23) ~[server-1.20.1-20230612.114412-srg.jar%23201!/:?]
	at net.minecraft.server.MinecraftServer.m_6367_(MinecraftServer.java:770) ~[server-1.20.1-20230612.114412-srg.jar%23201!/:?]
	at net.minecraft.server.MinecraftServer.m_6367_(MinecraftServer.java:161) ~[server-1.20.1-20230612.114412-srg.jar%23201!/:?]
	at net.minecraft.util.thread.BlockableEventLoop.m_7245_(BlockableEventLoop.java:130) ~[server-1.20.1-20230612.114412-srg.jar%23201!/:?]
	at net.minecraft.server.MinecraftServer.m_129961_(MinecraftServer.java:753) ~[server-1.20.1-20230612.114412-srg.jar%23201!/:?]
	at net.minecraft.server.MinecraftServer.m_7245_(MinecraftServer.java:747) ~[server-1.20.1-20230612.114412-srg.jar%23201!/:?]
	at net.minecraft.util.thread.BlockableEventLoop.m_18699_(BlockableEventLoop.java:115) ~[server-1.20.1-20230612.114412-srg.jar%23201!/:?]
	at net.minecraft.server.MinecraftServer.m_130012_(MinecraftServer.java:732) ~[server-1.20.1-20230612.114412-srg.jar%23201!/:?]
	at net.minecraft.server.MinecraftServer.m_130011_(MinecraftServer.java:665) ~[server-1.20.1-20230612.114412-srg.jar%23201!/:?]
	at net.minecraft.server.MinecraftServer.m_206580_(MinecraftServer.java:251) ~[server-1.20.1-20230612.114412-srg.jar%23201!/:?]
	at java.lang.Thread.run(Thread.java:1583) ~[?:?]
[21Dec2024 00:04:24.276] [Server thread/INFO] [net.minecraft.server.MinecraftServer/]: [Not Secure] <Doglas777> habla we
